<?xml version="1.0" encoding="UTF-8" ?>
<testsuite errors="0" failures="0" hostname="onedrop" name="livequeue.test.AsteriskQueueTest" tests="6" time="0.071" timestamp="2009-06-03T01:01:39">
  <properties>
    <property name="default.javac.source" value="1.6" />
    <property name="file.encoding.pkg" value="sun.io" />
    <property name="libs.toplink.maven-pom" value="" />
    <property name="javac.source" value="1.5" />
    <property name="auxiliary.org-netbeans-modules-editor-indent.CodeStyle.project.text-limit-width" value="80" />
    <property name="java.home" value="/usr/lib/jvm/java-6-sun-1.6.0.13/jre" />
    <property name="test.src.dir" value="test" />
    <property name="libs.jaxws21.src" value="" />
    <property name="javadoc.version" value="false" />
    <property name="libs.CopyLibs.classpath" value="/usr/local/netbeans-6.5.1/java2/ant/extra/org-netbeans-modules-java-j2seproject-copylibstask.jar" />
    <property name="libs.javac-api.src" value="" />
    <property name="java.endorsed.dirs" value="/usr/lib/jvm/java-6-sun-1.6.0.13/jre/lib/endorsed" />
    <property name="libs.MySQLDriver.classpath" value="/usr/local/netbeans-6.5.1/ide10/modules/ext/mysql-connector-java-5.1.6-bin.jar" />
    <property name="libs.jaxb.javadoc" value="" />
    <property name="libs.junit.maven-pom" value="" />
    <property name="libs.PostgreSQLDriver.src" value="" />
    <property name="src.dir" value="src" />
    <property name="nbplatform.default.harness.dir" value="/usr/local/netbeans-6.5.1/harness" />
    <property name="debug-args-line" value="-Xdebug" />
    <property name="build.sysclasspath" value="ignore" />
    <property name="have.sources" value="true" />
    <property name="includes" value="**" />
    <property name="source.encoding" value="UTF-8" />
    <property name="libs.jaxws21.classpath" value="/usr/local/netbeans-6.5.1/ide10/modules/ext/jaxb/activation.jar:/usr/local/netbeans-6.5.1/ide10/modules/ext/jaxb/api/jaxb-api.jar:/usr/local/netbeans-6.5.1/ide10/modules/ext/jaxb/jaxb-impl.jar:/usr/local/netbeans-6.5.1/ide10/modules/ext/jaxb/jaxb-xjc.jar:/usr/local/netbeans-6.5.1/ide10/modules/ext/jaxb/api/jsr173_api.jar:/usr/local/netbeans-6.5.1/java2/modules/ext/jaxws21/FastInfoset.jar:/usr/local/netbeans-6.5.1/java2/modules/ext/jaxws21/http.jar:/usr/local/netbeans-6.5.1/java2/modules/ext/jaxws21/api/jaxws-api.jar:/usr/local/netbeans-6.5.1/java2/modules/ext/jaxws21/jaxws-rt.jar:/usr/local/netbeans-6.5.1/java2/modules/ext/jaxws21/jaxws-tools.jar:/usr/local/netbeans-6.5.1/java2/modules/ext/jaxws21/api/jsr181-api.jar:/usr/local/netbeans-6.5.1/java2/modules/ext/jaxws21/api/jsr250-api.jar:/usr/local/netbeans-6.5.1/java2/modules/ext/jaxws21/mimepull.jar:/usr/local/netbeans-6.5.1/java2/modules/ext/jaxws21/resolver.jar:/usr/local/netbeans-6.5.1/java2/modules/ext/jaxws21/api/saaj-api.jar:/usr/local/netbeans-6.5.1/java2/modules/ext/jaxws21/saaj-impl.jar:/usr/local/netbeans-6.5.1/java2/modules/ext/jaxws21/sjsxp.jar:/usr/local/netbeans-6.5.1/java2/modules/ext/jaxws21/stax-ex.jar:/usr/local/netbeans-6.5.1/java2/modules/ext/jaxws21/streambuffer.jar" />
    <property name="libs.swing-app-framework.javadoc" value="/usr/local/netbeans-6.5.1/java2/docs/appframework-1.0.3-doc.zip" />
    <property name="sun.os.patch.level" value="unknown" />
    <property name="java.vendor.url" value="http://java.sun.com/" />
    <property name="java.version" value="1.6.0_13" />
    <property name="ant.file.-profiler-impl" value="/home/jayson/NetBeansProjects/LiveQueue/nbproject/profiler-build-impl.xml" />
    <property name="javac.debug" value="true" />
    <property name="run.classpath" value=":build/classes" />
    <property name="libs.PostgreSQLDriver.maven-pom" value="" />
    <property name="ant.file.LiveQueue-impl" value="/home/jayson/NetBeansProjects/LiveQueue/nbproject/build-impl.xml" />
    <property name="java.vendor.url.bug" value="http://java.sun.com/cgi-bin/bugreport.cgi" />
    <property name="libs.absolutelayout.javadoc" value="" />
    <property name="libs.junit_4.maven-pom" value="" />
    <property name="auxiliary.org-netbeans-modules-editor-indent.CodeStyle.usedProfile" value="default" />
    <property name="manifest.file" value="manifest.mf" />
    <property name="libs.swing-app-framework.maven-pom" value="" />
    <property name="user.name" value="jayson" />
    <property name="jnlp.enabled" value="false" />
    <property name="manifest.available+main.class+mkdist.available" value="true" />
    <property name="sun.io.unicode.encoding" value="UnicodeLittle" />
    <property name="sun.jnu.encoding" value="UTF-8" />
    <property name="java.runtime.name" value="Java(TM) SE Runtime Environment" />
    <property name="application.vendor" value="jayson" />
    <property name="java.specification.name" value="Java Platform API Specification" />
    <property name="javadoc.author" value="false" />
    <property name="libs.hibernate-support.javadoc" value="" />
    <property name="user.timezone" value="" />
    <property name="manifest.available" value="true" />
    <property name="libs.spring-framework.maven-pom" value="" />
    <property name="libs.swing-layout.maven-pom" value="" />
    <property name="libs.junit.javadoc" value="/usr/local/netbeans-6.5.1/java2/docs/junit-3.8.2-api.zip" />
    <property name="path.separator" value=":" />
    <property name="version-output" value="java version &quot;1.6" />
    <property name="libs.ejb3-persistence.src" value="" />
    <property name="libs.absolutelayout.classpath" value="/usr/local/netbeans-6.5.1/java2/modules/ext/AbsoluteLayout.jar" />
    <property name="libs.jaxb.maven-pom" value="" />
    <property name="file.encoding" value="UTF-8" />
    <property name="dist.javadoc.dir" value="dist/javadoc" />
    <property name="libs.hibernate-persistence.javadoc" value="" />
    <property name="libs.ejb3-persistence.classpath" value="/usr/local/netbeans-6.5.1/java2/modules/ext/hibernate/ejb3-persistence.jar" />
    <property name="libs.junit.src" value="" />
    <property name="ant.file" value="/home/jayson/NetBeansProjects/LiveQueue/build.xml" />
    <property name="libs.junit_4.src" value="/usr/local/netbeans-6.5.1/java2/docs/junit-4.5-src.jar" />
    <property name="do.jar" value="true" />
    <property name="java.io.tmpdir" value="/tmp" />
    <property name="build.test.results.dir" value="build/test/results" />
    <property name="user.language" value="en" />
    <property name="line.separator" value="
" />
    <property name="libs.absolutelayout.src" value="" />
    <property name="javac.compilerargs" value="" />
    <property name="libs.hibernate-support.maven-pom" value="" />
    <property name="jar.compress" value="false" />
    <property name="debug-transport-by-os" value="dt_socket" />
    <property name="libs.JWSAntTasks.src" value="" />
    <property name="javac.compilerargs.jaxws" value="" />
    <property name="libs.hibernate-persistence.maven-pom" value="" />
    <property name="java.vm.info" value="mixed mode" />
    <property name="libs.javac-api.maven-pom" value="" />
    <property name="jnlp.codebase.url" value="file:/home/jayson/NetBeansProjects/LiveQueue/dist/" />
    <property name="javadoc.private" value="false" />
    <property name="java.vm.specification.name" value="Java Virtual Machine Specification" />
    <property name="build.test.classes.dir" value="build/test/classes" />
    <property name="libs.jaxb.src" value="" />
    <property name="jaxws.endorsed.dir" value="/usr/local/netbeans-6.5.1/java2/modules/ext/jaxws21/api:/usr/local/netbeans-6.5.1/ide10/modules/ext/jaxb/api" />
    <property name="libs.MySQLDriver.javadoc" value="" />
    <property name="manifest.available+main.class" value="true" />
    <property name="libs.beans-binding.javadoc" value="/usr/local/netbeans-6.5.1/java2/docs/beansbinding-1.2.1-doc.zip" />
    <property name="platform.active" value="default_platform" />
    <property name="libs.junit_4.javadoc" value="/usr/local/netbeans-6.5.1/java2/docs/junit-4.5-api.zip" />
    <property name="libs.spring-framework.src" value="" />
    <property name="libs.beans-binding.maven-pom" value="" />
    <property name="javadoc.encoding" value="UTF-8" />
    <property name="java.awt.printerjob" value="sun.print.PSPrinterJob" />
    <property name="dist.jar" value="dist/LiveQueue.jar" />
    <property name="meta.inf.dir" value="src/META-INF" />
    <property name="ant.version" value="Apache Ant version 1.7.1 compiled on November 10 2008" />
    <property name="javadoc.nonavbar" value="false" />
    <property name="user.properties.file" value="/home/jayson/.netbeans/6.5/build.properties" />
    <property name="libs.JWSAntTasks.classpath" value="/usr/local/netbeans-6.5.1/java2/ant/extra/org-netbeans-modules-javawebstart-anttasks.jar" />
    <property name="libs.toplink.classpath" value="/usr/local/netbeans-6.5.1/java2/modules/ext/toplink/toplink-essentials.jar:/usr/local/netbeans-6.5.1/java2/modules/ext/toplink/toplink-essentials-agent.jar" />
    <property name="libs.spring-framework.javadoc" value="" />
    <property name="libs.CopyLibs.maven-pom" value="" />
    <property name="build.generated.dir" value="build/generated" />
    <property name="os.name" value="Linux" />
    <property name="java.specification.vendor" value="Sun Microsystems Inc." />
    <property name="run.test.classpath" value=":build/classes:/usr/local/netbeans-6.5.1/java2/modules/ext/junit-3.8.2.jar:build/test/classes" />
    <property name="java.vm.name" value="Java HotSpot(TM) Server VM" />
    <property name="libs.CopyLibs.src" value="" />
    <property name="libs.junit.classpath" value="/usr/local/netbeans-6.5.1/java2/modules/ext/junit-3.8.2.jar" />
    <property name="libs.beans-binding.src" value="" />
    <property name="java.library.path" value="/usr/lib/jvm/java-6-sun-1.6.0.13/jre/lib/i386/server:/usr/lib/jvm/java-6-sun-1.6.0.13/jre/lib/i386:/usr/lib/jvm/java-6-sun-1.6.0.13/jre/../lib/i386:/usr/java/packages/lib/i386:/lib:/usr/lib" />
    <property name="libs.PostgreSQLDriver.javadoc" value="" />
    <property name="libs.toplink.javadoc" value="" />
    <property name="ant.java.version" value="1.6" />
    <property name="basedir" value="/home/jayson/NetBeansProjects/LiveQueue" />
    <property name="javadoc.noindex" value="false" />
    <property name="java.class.version" value="50.0" />
    <property name="javac.test.classpath" value=":build/classes:/usr/local/netbeans-6.5.1/java2/modules/ext/junit-3.8.2.jar" />
    <property name="ant.home" value="/usr/share/ant" />
    <property name="libs.hibernate-persistence.src" value="" />
    <property name="javadoc.splitindex" value="true" />
    <property name="libs.toplink.src" value="" />
    <property name="libs.javac-api.javadoc" value="" />
    <property name="javadoc.preview" value="true" />
    <property name="libs.MySQLDriver.maven-pom" value="" />
    <property name="libs.CopyLibs.javadoc" value="" />
    <property name="libs.PostgreSQLDriver.classpath" value="/usr/local/netbeans-6.5.1/ide10/modules/ext/postgresql-8.3-603.jdbc3.jar" />
    <property name="libs.junit_4.classpath" value="/usr/local/netbeans-6.5.1/platform9/modules/ext/junit-4.5.jar" />
    <property name="libs.jaxws21.maven-pom" value="" />
    <property name="sun.boot.library.path" value="/usr/lib/jvm/java-6-sun-1.6.0.13/jre/lib/i386" />
    <property name="build.dir" value="build" />
    <property name="application.title" value="LiveQueue" />
    <property name="libs.swing-app-framework.classpath" value="/usr/local/netbeans-6.5.1/java2/modules/ext/appframework-1.0.3.jar:/usr/local/netbeans-6.5.1/java2/modules/ext/swing-worker-1.1.jar" />
    <property name="sun.management.compiler" value="HotSpot Tiered Compilers" />
    <property name="libs.ejb3-persistence.javadoc" value="" />
    <property name="java.awt.graphicsenv" value="sun.awt.X11GraphicsEnvironment" />
    <property name="javadoc.encoding.used" value="UTF-8" />
    <property name="javadoc.windowtitle" value="" />
    <property name="libs.hibernate-support.src" value="" />
    <property name="file.reference.asterisk-java-0.3.jar" value="../../asterisk-java-0.3.jar" />
    <property name="run.jvmargs" value="" />
    <property name="ant.project.name" value="LiveQueue" />
    <property name="libs.swing-layout.classpath" value="/usr/local/netbeans-6.5.1/platform9/modules/ext/swing-layout-1.0.3.jar" />
    <property name="libs.spring-framework.classpath" value="/usr/local/netbeans-6.5.1/ide10/modules/ext/commons-logging-1.1.jar:/usr/local/netbeans-6.5.1/java2/modules/ext/cglib-2.2.jar:/usr/local/netbeans-6.5.1/java2/modules/ext/spring/spring-2.5.jar" />
    <property name="java.vm.specification.version" value="1.0" />
    <property name="libs.jaxb.classpath" value="/usr/local/netbeans-6.5.1/ide10/modules/ext/jaxb/activation.jar:/usr/local/netbeans-6.5.1/ide10/modules/ext/jaxb/api/jaxb-api.jar:/usr/local/netbeans-6.5.1/ide10/modules/ext/jaxb/jaxb-impl.jar:/usr/local/netbeans-6.5.1/ide10/modules/ext/jaxb/jaxb-xjc.jar:/usr/local/netbeans-6.5.1/ide10/modules/ext/jaxb/api/jsr173_api.jar" />
    <property name="work.dir" value="/home/jayson/NetBeansProjects/LiveQueue" />
    <property name="javadoc.use" value="true" />
    <property name="sun.cpu.isalist" value="" />
    <property name="java.ext.dirs" value="/usr/lib/jvm/java-6-sun-1.6.0.13/jre/lib/ext:/usr/java/packages/lib/ext" />
    <property name="os.version" value="2.6.28-11-generic" />
    <property name="excludes" value="" />
    <property name="user.home" value="/home/jayson" />
    <property name="jnlp.descriptor" value="application" />
    <property name="java.vm.vendor" value="Sun Microsystems Inc." />
    <property name="ant.file.LiveQueue" value="/home/jayson/NetBeansProjects/LiveQueue/build.xml" />
    <property name="libs.absolutelayout.maven-pom" value="" />
    <property name="user.dir" value="/home/jayson/NetBeansProjects/LiveQueue" />
    <property name="debug-transport" value="dt_socket" />
    <property name="libs.ejb3-persistence.maven-pom" value="" />
    <property name="application.args" value="" />
    <property name="sun.cpu.endian" value="little" />
    <property name="compile.on.save" value="true" />
    <property name="libs.hibernate-support.classpath" value="/usr/local/netbeans-6.5.1/java2/modules/ext/hibernate/antlr-2.7.6.jar:/usr/local/netbeans-6.5.1/java2/modules/ext/hibernate/asm.jar:/usr/local/netbeans-6.5.1/java2/modules/ext/hibernate/asm-attrs.jar:/usr/local/netbeans-6.5.1/java2/modules/ext/hibernate/cglib-2.1.3.jar:/usr/local/netbeans-6.5.1/java2/modules/ext/hibernate/commons-collections-2.1.1.jar:/usr/local/netbeans-6.5.1/ide10/modules/ext/commons-logging-1.1.jar:/usr/local/netbeans-6.5.1/java2/modules/ext/hibernate/dom4j-1.6.1.jar:/usr/local/netbeans-6.5.1/java2/modules/ext/hibernate/ehcache-1.2.3.jar:/usr/local/netbeans-6.5.1/java2/modules/ext/hibernate/jdbc2_0-stdext.jar:/usr/local/netbeans-6.5.1/java2/modules/ext/hibernate/jta.jar:/usr/local/netbeans-6.5.1/java2/modules/ext/hibernate/hibernate3.jar:/usr/local/netbeans-6.5.1/java2/modules/ext/hibernate/hibernate-tools.jar:/usr/local/netbeans-6.5.1/java2/modules/ext/hibernate/hibernate-annotations.jar:/usr/local/netbeans-6.5.1/java2/modules/ext/hibernate/hibernate-commons-annotations.jar:/usr/local/netbeans-6.5.1/java2/modules/ext/hibernate/hibernate-entitymanager.jar:/usr/local/netbeans-6.5.1/java2/modules/ext/hibernate/javassist.jar" />
    <property name="auxiliary.org-netbeans-modules-editor-indent.CodeStyle.project.tab-size" value="8" />
    <property name="jnlp.offline-allowed" value="false" />
    <property name="java.vm.version" value="11.3-b02" />
    <property name="libs.MySQLDriver.src" value="" />
    <property name="java.class.path" value="/home/jayson/NetBeansProjects/LiveQueue/build/classes:/usr/local/netbeans-6.5.1/java2/modules/ext/junit-3.8.2.jar:/home/jayson/NetBeansProjects/LiveQueue/build/test/classes:/usr/share/ant/lib/junit.jar:/usr/share/ant/lib/ant-launcher.jar:/usr/share/ant/lib/ant.jar:/usr/share/ant/lib/ant-junit.jar" />
    <property name="libs.hibernate-persistence.classpath" value="/usr/local/netbeans-6.5.1/java2/modules/ext/hibernate/antlr-2.7.6.jar:/usr/local/netbeans-6.5.1/java2/modules/ext/hibernate/asm.jar:/usr/local/netbeans-6.5.1/java2/modules/ext/hibernate/asm-attrs.jar:/usr/local/netbeans-6.5.1/java2/modules/ext/hibernate/cglib-2.1.3.jar:/usr/local/netbeans-6.5.1/java2/modules/ext/hibernate/commons-collections-2.1.1.jar:/usr/local/netbeans-6.5.1/ide10/modules/ext/commons-logging-1.1.jar:/usr/local/netbeans-6.5.1/java2/modules/ext/hibernate/dom4j-1.6.1.jar:/usr/local/netbeans-6.5.1/java2/modules/ext/hibernate/ehcache-1.2.3.jar:/usr/local/netbeans-6.5.1/java2/modules/ext/hibernate/jdbc2_0-stdext.jar:/usr/local/netbeans-6.5.1/java2/modules/ext/hibernate/jta.jar:/usr/local/netbeans-6.5.1/java2/modules/ext/hibernate/hibernate3.jar:/usr/local/netbeans-6.5.1/java2/modules/ext/hibernate/hibernate-tools.jar:/usr/local/netbeans-6.5.1/java2/modules/ext/hibernate/hibernate-annotations.jar:/usr/local/netbeans-6.5.1/java2/modules/ext/hibernate/hibernate-commons-annotations.jar:/usr/local/netbeans-6.5.1/java2/modules/ext/hibernate/hibernate-entitymanager.jar:/usr/local/netbeans-6.5.1/java2/modules/ext/hibernate/javassist.jar:/usr/local/netbeans-6.5.1/java2/modules/ext/hibernate/ejb3-persistence.jar" />
    <property name="ant.library.dir" value="/usr/share/ant/lib" />
    <property name="os.arch" value="i386" />
    <property name="javac.deprecation" value="false" />
    <property name="nbplatform.default.netbeans.dest.dir" value="/usr/local/netbeans-6.5.1" />
    <property name="build.classes.excludes" value="**/*.java,**/*.form" />
    <property name="dist.dir" value="dist" />
    <property name="debug.classpath" value=":build/classes" />
    <property name="sun.java.launcher" value="SUN_STANDARD" />
    <property name="jnlp.codebase.type" value="local" />
    <property name="ant.core.lib" value="/usr/share/ant/lib/ant.jar" />
    <property name="java.vm.specification.vendor" value="Sun Microsystems Inc." />
    <property name="jnlp.signed" value="false" />
    <property name="do.depend" value="false" />
    <property name="file.separator" value="/" />
    <property name="java.runtime.version" value="1.6.0_13-b03" />
    <property name="sun.boot.class.path" value="/usr/lib/jvm/java-6-sun-1.6.0.13/jre/lib/resources.jar:/usr/lib/jvm/java-6-sun-1.6.0.13/jre/lib/rt.jar:/usr/lib/jvm/java-6-sun-1.6.0.13/jre/lib/sunrsasign.jar:/usr/lib/jvm/java-6-sun-1.6.0.13/jre/lib/jsse.jar:/usr/lib/jvm/java-6-sun-1.6.0.13/jre/lib/jce.jar:/usr/lib/jvm/java-6-sun-1.6.0.13/jre/lib/charsets.jar:/usr/lib/jvm/java-6-sun-1.6.0.13/jre/classes" />
    <property name="debug.test.classpath" value=":build/classes:/usr/local/netbeans-6.5.1/java2/modules/ext/junit-3.8.2.jar:build/test/classes" />
    <property name="libs.beans-binding.classpath" value="/usr/local/netbeans-6.5.1/java2/modules/ext/beansbinding-1.2.1.jar" />
    <property name="have.tests" value="true" />
    <property name="main.class" value="livequeue.LiveQueue" />
    <property name="libs.JWSAntTasks.maven-pom" value="" />
    <property name="libs.javac-api.classpath" value="/usr/local/netbeans-6.5.1/java2/modules/ext/javac-api-nb-7.0-b07.jar" />
    <property name="user.country" value="US" />
    <property name="javadoc.notree" value="false" />
    <property name="libs.jaxws21.javadoc" value="/usr/local/netbeans-6.5.1/java2/docs/jaxws-2_1-api-doc.zip" />
    <property name="default.javac.target" value="1.6" />
    <property name="javadoc.additionalparam" value="" />
    <property name="javac.classpath" value="" />
    <property name="build.classes.dir" value="build/classes" />
    <property name="libs.swing-layout.src" value="/usr/local/netbeans-6.5.1/platform9/docs/swing-layout-1.0.3-src.zip" />
    <property name="libs.swing-layout.javadoc" value="/usr/local/netbeans-6.5.1/platform9/docs/swing-layout-1.0.3-doc.zip" />
    <property name="java.vendor" value="Sun Microsystems Inc." />
    <property name="javac.target" value="1.5" />
    <property name="libs.swing-app-framework.src" value="" />
    <property name="java.specification.version" value="1.6" />
    <property name="libs.JWSAntTasks.javadoc" value="" />
    <property name="sun.arch.data.model" value="32" />
  </properties>
  <testcase classname="livequeue.test.AsteriskQueueTest" name="testWeHaveAnAsteriskQueue" time="0.0020" />
  <testcase classname="livequeue.test.AsteriskQueueTest" name="testJustOneSetterAndGetter" time="0.0010" />
  <testcase classname="livequeue.test.AsteriskQueueTest" name="testCanAddAQueueMember" time="0.0010" />
  <testcase classname="livequeue.test.AsteriskQueueTest" name="testCanGetAQueueMember" time="0.0020" />
  <testcase classname="livequeue.test.AsteriskQueueTest" name="testCanAddQueueEntry" time="0.0" />
  <testcase classname="livequeue.test.AsteriskQueueTest" name="testCanGetAQueueEntry" time="0.0" />
  <system-out><![CDATA[]]></system-out>
  <system-err><![CDATA[]]></system-err>
</testsuite>
